2023/10/19 00:34:13:663    MessageTrace    Info    The job is running on 10/19/2023 00:34:13.
2023/10/19 00:34:13:737    MessageTrace    Info    The job is finished on 10/19/2023 00:34:13.
2023/10/19 00:34:45:648    MessageTrace    Info    The job is running on 10/19/2023 00:34:45.
2023/10/19 00:34:45:664    MessageTrace    Info    The job is finished on 10/19/2023 00:34:45.
2023/10/19 00:35:00:071    MessageTrace    Info    The job is running on 10/19/2023 00:35:00.
2023/10/19 00:35:00:091    MessageTrace    Info    The job is finished on 10/19/2023 00:35:00.
2023/10/19 00:35:30:686    MessageTrace    Info    The job is running on 10/19/2023 00:35:30.
2023/10/19 00:35:30:696    MessageTrace    Info    The job is finished on 10/19/2023 00:35:30.
2023/10/19 00:55:39:452    MessageTrace    Info    The job is running on 10/19/2023 00:55:39.
2023/10/19 00:57:37:317    MessageTrace    Info    The job is running on 10/19/2023 00:57:37.
2023/10/19 00:58:16:177    MessageTrace    Info    The job is running on 10/19/2023 00:58:16.
2023/10/19 00:58:45:651    MessageTrace    Info    Begin scan the site collection https://engage2syddev.sharepoint.com/sites/MMR2021000012
2023/10/19 01:00:43:173    MessageTrace    Info    The job is running on 10/19/2023 01:00:43.
2023/10/19 01:00:49:915    MessageTrace    Info    Begin scan the site collection https://engage2syddev.sharepoint.com/sites/MMR2021000012
2023/10/19 01:03:16:638    MessageTrace    Info    The job is running on 10/19/2023 01:03:16.
2023/10/19 01:04:41:309    MessageTrace    Info    Begin scan the site collection https://engage2syddev.sharepoint.com/sites/MMR2021000012
2023/10/19 01:08:38:492    MessageTrace    Info    The job is running on 10/19/2023 01:08:38.
2023/10/19 01:08:48:553    MessageTrace    Info    Begin scan the site collection https://engage2syddev.sharepoint.com/sites/MMR2021000012
2023/10/19 01:11:22:294    MessageTrace    Info    The job is running on 10/19/2023 01:11:22.
2023/10/19 01:11:33:419    MessageTrace    Info    Begin scan the site collection https://engage2syddev.sharepoint.com/sites/MMR2021000012
2023/10/19 01:11:41:281    MessageTrace    Info    Begin scan the web https://engage2syddev.sharepoint.com/sites/MMR2021000012
2023/10/19 01:11:41:801    MessageTrace    Info    Begin check the list Documents
2023/10/19 01:11:41:859    MessageTrace    Warning    An error occurred while exporting the list Documents.Exception:The term 'Get-PnPFolderStorageMetric' is not recognized as the name of a cmdlet, function, script file, or operable program. Check the spelling of the name, or if a path was included, verify that the path is correct and try again.
2023/10/19 01:12:57:291    MessageTrace    Info    Finished scan the site collection https://engage2syddev.sharepoint.com/sites/MMR2021000012
2023/10/19 01:12:57:322    MessageTrace    Info    Begin scan the site collection https://engage2syddev.sharepoint.com/sites/MRD202100001
2023/10/19 01:13:23:296    MessageTrace    Info    Begin scan the web https://engage2syddev.sharepoint.com/sites/MRD202100001
2023/10/19 01:13:45:453    MessageTrace    Info    Begin check the list Documents
2023/10/19 01:16:11:030    MessageTrace    Info    The job is running on 10/19/2023 01:16:11.
2023/10/19 01:16:12:434    MessageTrace    Info    Begin scan the site collection https://engage2syddev.sharepoint.com/sites/MMR2021000012
2023/10/19 01:16:17:521    MessageTrace    Info    Begin scan the web https://engage2syddev.sharepoint.com/sites/MMR2021000012
2023/10/19 01:16:17:789    MessageTrace    Info    Begin check the list Documents
2023/10/19 01:16:52:777    MessageTrace    Info    The job is running on 10/19/2023 01:16:52.
2023/10/19 01:16:54:423    MessageTrace    Info    Begin scan the site collection https://engage2syddev.sharepoint.com/sites/MMR2021000012
2023/10/19 01:16:56:699    MessageTrace    Info    Begin scan the web https://engage2syddev.sharepoint.com/sites/MMR2021000012
2023/10/19 01:16:56:929    MessageTrace    Info    Begin check the list Documents
2023/10/19 01:22:50:284    MessageTrace    Info    The job is running on 10/19/2023 01:22:50.
2023/10/19 01:22:54:960    MessageTrace    Info    Begin scan the site collection https://engage2syddev.sharepoint.com/sites/MMR2021000012
2023/10/19 01:22:58:894    MessageTrace    Info    Begin scan the web https://engage2syddev.sharepoint.com/sites/MMR2021000012
2023/10/19 01:22:59:117    MessageTrace    Info    Begin check the list Documents
2023/10/19 01:46:03:054    MessageTrace    Info    The job is running on 10/19/2023 01:46:03.
2023/10/19 01:46:03:118    MessageTrace    Info    Begin scan the site collection https://engage2syddev.sharepoint.com/sites/MMR2021000012
2023/10/19 01:46:04:092    MessageTrace    Info    Begin scan the web https://engage2syddev.sharepoint.com/sites/MMR2021000012
2023/10/19 01:46:04:929    MessageTrace    Info    Begin check the list Documents
2023/10/19 01:46:22:321    MessageTrace    Warning    An error occurred while exporting the list Documents.Exception:The term 'Get-PnPFolderStorageMetric' is not recognized as the name of a cmdlet, function, script file, or operable program. Check the spelling of the name, or if a path was included, verify that the path is correct and try again.
2023/10/19 01:52:01:332    MessageTrace    Info    The job is running on 10/19/2023 01:52:01.
2023/10/19 01:52:18:340    MessageTrace    Info    Begin scan the site collection https://engage2syddev.sharepoint.com/sites/MMR2021000012
2023/10/19 01:52:20:982    MessageTrace    Info    Begin scan the web https://engage2syddev.sharepoint.com/sites/MMR2021000012
2023/10/19 01:52:21:300    MessageTrace    Info    Begin check the list Documents
2023/10/19 01:54:36:471    MessageTrace    Info    The job is running on 10/19/2023 01:54:36.
2023/10/19 01:55:06:959    MessageTrace    Info    Begin scan the site collection https://engage2syddev.sharepoint.com/sites/MMR2021000012
2023/10/19 01:55:09:211    MessageTrace    Info    Begin scan the web https://engage2syddev.sharepoint.com/sites/MMR2021000012
2023/10/19 01:55:09:658    MessageTrace    Info    Begin check the list Documents
2023/10/19 01:55:42:172    MessageTrace    Warning    An error occurred while exporting the list Documents.Exception:The term 'Get-PnPFolderStorageMetric' is not recognized as the name of a cmdlet, function, script file, or operable program. Check the spelling of the name, or if a path was included, verify that the path is correct and try again.
2023/10/19 02:17:58:088    MessageTrace    Info    The job is running on 10/19/2023 02:17:58.
2023/10/19 02:18:02:426    MessageTrace    Info    Begin scan the site collection https://engage2syddev.sharepoint.com/sites/MMR2021000012
2023/10/19 02:18:05:021    MessageTrace    Info    Begin scan the web https://engage2syddev.sharepoint.com/sites/MMR2021000012
2023/10/19 02:18:05:247    MessageTrace    Info    Begin check the list Documents
2023/10/19 02:18:05:369    MessageTrace    Warning    An error occurred while exporting the list Documents.Exception:The term 'Get-PnPFolderStorageMetric' is not recognized as the name of a cmdlet, function, script file, or operable program. Check the spelling of the name, or if a path was included, verify that the path is correct and try again.
2023/10/19 02:18:05:499    MessageTrace    Info    Finished scan the site collection https://engage2syddev.sharepoint.com/sites/MMR2021000012
2023/10/19 02:18:05:508    MessageTrace    Info    Begin scan the site collection https://engage2syddev.sharepoint.com/sites/MRD202100001
2023/10/19 02:18:09:082    MessageTrace    Info    Begin scan the web https://engage2syddev.sharepoint.com/sites/MRD202100001
2023/10/19 02:18:09:304    MessageTrace    Info    Begin check the list Documents
2023/10/19 02:18:09:370    MessageTrace    Warning    An error occurred while exporting the list Documents.Exception:The term 'Get-PnPFolderStorageMetric' is not recognized as the name of a cmdlet, function, script file, or operable program. Check the spelling of the name, or if a path was included, verify that the path is correct and try again.
2023/10/19 02:18:09:378    MessageTrace    Info    Begin check the list Site Assets
2023/10/19 02:18:09:435    MessageTrace    Warning    An error occurred while exporting the list Site Assets.Exception:The term 'Get-PnPFolderStorageMetric' is not recognized as the name of a cmdlet, function, script file, or operable program. Check the spelling of the name, or if a path was included, verify that the path is correct and try again.
2023/10/19 02:18:09:536    MessageTrace    Info    Finished scan the site collection https://engage2syddev.sharepoint.com/sites/MRD202100001
2023/10/19 02:18:09:557    MessageTrace    Info    The job is finished on 10/19/2023 02:18:09.
2023/10/19 02:23:49:476    MessageTrace    Info    The job is running on 10/19/2023 02:23:49.
2023/10/19 02:27:03:109    MessageTrace    Info    Begin scan the site collection https://engage2syddev.sharepoint.com/sites/MMR2021000012
2023/10/19 02:27:06:271    MessageTrace    Info    Begin scan the web https://engage2syddev.sharepoint.com/sites/MMR2021000012
2023/10/19 02:27:06:503    MessageTrace    Info    Begin check the list Documents
2023/10/19 02:35:37:183    MessageTrace    Info    The job is running on 10/19/2023 02:35:37.
2023/10/19 02:35:42:212    MessageTrace    Info    Begin scan the site collection https://engage2syddev.sharepoint.com/sites/MMR2021000012
2023/10/19 02:35:46:692    MessageTrace    Info    Begin scan the web https://engage2syddev.sharepoint.com/sites/MMR2021000012
2023/10/19 02:35:46:966    MessageTrace    Info    Begin check the list Documents
